<?xml version="1.0" encoding="UTF-8"?>
<testng-results ignored="0" total="1" passed="1" failed="0" skipped="0">
  <reporter-output>
  </reporter-output>
  <suite started-at="2022-11-26T00:33:30 EST" name="Suite" finished-at="2022-11-26T00:33:37 EST" duration-ms="6968">
    <groups>
      <group name="cucumber">
        <method signature="AbstractTestNGCucumberTests.runScenario(cucumber.api.testng.PickleEventWrapper,cucumber.api.testng.CucumberFeatureWrapper)[pri:0, instance:com.cucumber.test.RunnerFile@a530d0a]" name="runScenario" class="cucumber.api.testng.AbstractTestNGCucumberTests"/>
      </group> <!-- cucumber -->
    </groups>
    <test started-at="2022-11-26T00:33:30 EST" name="Test" finished-at="2022-11-26T00:33:37 EST" duration-ms="6968">
      <class name="com.cucumber.test.RunnerFile">
        <test-method is-config="true" signature="setUpClass()[pri:0, instance:com.cucumber.test.RunnerFile@a530d0a]" started-at="2022-11-26T00:33:30 EST" name="setUpClass" finished-at="2022-11-26T00:33:30 EST" duration-ms="100" status="PASS">
          <reporter-output>
          </reporter-output>
        </test-method> <!-- setUpClass -->
        <test-method signature="runScenario(cucumber.api.testng.PickleEventWrapper,cucumber.api.testng.CucumberFeatureWrapper)[pri:0, instance:com.cucumber.test.RunnerFile@a530d0a]" started-at="2022-11-26T00:33:30 EST" name="runScenario" description="Runs Cucumber Scenarios" data-provider="scenarios" finished-at="2022-11-26T00:33:37 EST" duration-ms="6777" status="PASS">
          <params>
            <param index="0">
              <value>
                <![CDATA["As a Luma application user, must do successful login with valid credential."]]>
              </value>
            </param>
            <param index="1">
              <value>
                <![CDATA["Login function test"]]>
              </value>
            </param>
          </params>
          <reporter-output>
          </reporter-output>
        </test-method> <!-- runScenario -->
        <test-method is-config="true" signature="tearDownClass()[pri:0, instance:com.cucumber.test.RunnerFile@a530d0a]" started-at="2022-11-26T00:33:37 EST" name="tearDownClass" finished-at="2022-11-26T00:33:37 EST" duration-ms="38" status="PASS">
          <reporter-output>
          </reporter-output>
        </test-method> <!-- tearDownClass -->
      </class> <!-- com.cucumber.test.RunnerFile -->
    </test> <!-- Test -->
  </suite> <!-- Suite -->
</testng-results>
